[INFO  - 2016-05-26T06:59:15.817Z] GhostDriver - Main - running on port 1296
[INFO  - 2016-05-26T06:59:16.725Z] Session [5ca55700-230f-11e6-a9fa-b91f6293b4c2] - page.settings - {"XSSAuditingEnabled":false,"javascriptCanCloseWindows":true,"javascriptCanOpenWindows":true,"javascriptEnabled":true,"loadImages":true,"localToRemoteUrlAccessEnabled":false,"userAgent":"Mozilla/5.0 (Windows NT 6.1) AppleWebKit/538.1 (KHTML, like Gecko) PhantomJS/2.1.1 Safari/538.1","webSecurityEnabled":false}
[INFO  - 2016-05-26T06:59:16.725Z] Session [5ca55700-230f-11e6-a9fa-b91f6293b4c2] - page.customHeaders:  - {}
[INFO  - 2016-05-26T06:59:16.725Z] Session [5ca55700-230f-11e6-a9fa-b91f6293b4c2] - Session.negotiatedCapabilities - {"browserName":"phantomjs","version":"2.1.1","driverName":"ghostdriver","driverVersion":"1.2.0","platform":"windows-7-32bit","javascriptEnabled":true,"takesScreenshot":false,"handlesAlerts":false,"databaseEnabled":false,"locationContextEnabled":false,"applicationCacheEnabled":false,"browserConnectionEnabled":false,"cssSelectorsEnabled":true,"webStorageEnabled":false,"rotatable":false,"acceptSslCerts":false,"nativeEvents":true,"proxy":{"proxyType":"direct"}}
[INFO  - 2016-05-26T06:59:16.725Z] SessionManagerReqHand - _postNewSessionCommand - New Session Created: 5ca55700-230f-11e6-a9fa-b91f6293b4c2
[INFO  - 2016-05-26T06:59:51.934Z] ShutdownReqHand - _handle - About to shutdown
[INFO  - 2016-05-26T07:00:27.058Z] GhostDriver - Main - running on port 35603
[INFO  - 2016-05-26T07:00:27.667Z] Session [86ee3ae0-230f-11e6-ac15-c5923302d62b] - page.settings - {"XSSAuditingEnabled":false,"javascriptCanCloseWindows":true,"javascriptCanOpenWindows":true,"javascriptEnabled":true,"loadImages":true,"localToRemoteUrlAccessEnabled":false,"userAgent":"Mozilla/5.0 (Windows NT 6.1) AppleWebKit/538.1 (KHTML, like Gecko) PhantomJS/2.1.1 Safari/538.1","webSecurityEnabled":false}
[INFO  - 2016-05-26T07:00:27.667Z] Session [86ee3ae0-230f-11e6-ac15-c5923302d62b] - page.customHeaders:  - {}
[INFO  - 2016-05-26T07:00:27.667Z] Session [86ee3ae0-230f-11e6-ac15-c5923302d62b] - Session.negotiatedCapabilities - {"browserName":"phantomjs","version":"2.1.1","driverName":"ghostdriver","driverVersion":"1.2.0","platform":"windows-7-32bit","javascriptEnabled":true,"takesScreenshot":false,"handlesAlerts":false,"databaseEnabled":false,"locationContextEnabled":false,"applicationCacheEnabled":false,"browserConnectionEnabled":false,"cssSelectorsEnabled":true,"webStorageEnabled":false,"rotatable":false,"acceptSslCerts":false,"nativeEvents":true,"proxy":{"proxyType":"direct"}}
[INFO  - 2016-05-26T07:00:27.667Z] SessionManagerReqHand - _postNewSessionCommand - New Session Created: 86ee3ae0-230f-11e6-ac15-c5923302d62b
[INFO  - 2016-05-26T07:05:27.425Z] SessionManagerReqHand - _cleanupWindowlessSessions - Asynchronous Sessions clean-up phase starting NOW
[INFO  - 2016-05-26T07:10:27.425Z] SessionManagerReqHand - _cleanupWindowlessSessions - Asynchronous Sessions clean-up phase starting NOW
[INFO  - 2016-05-26T07:15:27.464Z] SessionManagerReqHand - _cleanupWindowlessSessions - Asynchronous Sessions clean-up phase starting NOW
[INFO  - 2016-05-26T07:20:27.463Z] SessionManagerReqHand - _cleanupWindowlessSessions - Asynchronous Sessions clean-up phase starting NOW
[INFO  - 2016-05-26T07:25:27.464Z] SessionManagerReqHand - _cleanupWindowlessSessions - Asynchronous Sessions clean-up phase starting NOW
[INFO  - 2016-05-26T07:30:27.502Z] SessionManagerReqHand - _cleanupWindowlessSessions - Asynchronous Sessions clean-up phase starting NOW
[INFO  - 2016-05-26T07:35:27.502Z] SessionManagerReqHand - _cleanupWindowlessSessions - Asynchronous Sessions clean-up phase starting NOW
[INFO  - 2016-05-26T07:40:27.502Z] SessionManagerReqHand - _cleanupWindowlessSessions - Asynchronous Sessions clean-up phase starting NOW
[INFO  - 2016-05-26T07:45:27.541Z] SessionManagerReqHand - _cleanupWindowlessSessions - Asynchronous Sessions clean-up phase starting NOW
[INFO  - 2016-05-26T07:50:27.552Z] SessionManagerReqHand - _cleanupWindowlessSessions - Asynchronous Sessions clean-up phase starting NOW
[INFO  - 2016-05-26T07:55:27.552Z] SessionManagerReqHand - _cleanupWindowlessSessions - Asynchronous Sessions clean-up phase starting NOW
[INFO  - 2016-05-26T08:00:27.599Z] SessionManagerReqHand - _cleanupWindowlessSessions - Asynchronous Sessions clean-up phase starting NOW
[INFO  - 2016-05-26T08:05:27.600Z] SessionManagerReqHand - _cleanupWindowlessSessions - Asynchronous Sessions clean-up phase starting NOW
[INFO  - 2016-05-26T08:10:27.601Z] SessionManagerReqHand - _cleanupWindowlessSessions - Asynchronous Sessions clean-up phase starting NOW
[INFO  - 2016-05-26T08:15:27.645Z] SessionManagerReqHand - _cleanupWindowlessSessions - Asynchronous Sessions clean-up phase starting NOW
[INFO  - 2016-05-26T08:20:27.650Z] SessionManagerReqHand - _cleanupWindowlessSessions - Asynchronous Sessions clean-up phase starting NOW
[INFO  - 2016-05-26T08:25:27.657Z] SessionManagerReqHand - _cleanupWindowlessSessions - Asynchronous Sessions clean-up phase starting NOW
[INFO  - 2016-05-26T08:30:27.695Z] SessionManagerReqHand - _cleanupWindowlessSessions - Asynchronous Sessions clean-up phase starting NOW
[INFO  - 2016-05-26T08:35:27.695Z] SessionManagerReqHand - _cleanupWindowlessSessions - Asynchronous Sessions clean-up phase starting NOW
[INFO  - 2016-05-26T08:40:27.697Z] SessionManagerReqHand - _cleanupWindowlessSessions - Asynchronous Sessions clean-up phase starting NOW
[INFO  - 2016-05-26T08:45:27.741Z] SessionManagerReqHand - _cleanupWindowlessSessions - Asynchronous Sessions clean-up phase starting NOW
[INFO  - 2016-05-26T08:50:27.741Z] SessionManagerReqHand - _cleanupWindowlessSessions - Asynchronous Sessions clean-up phase starting NOW
[INFO  - 2016-05-26T08:55:27.745Z] SessionManagerReqHand - _cleanupWindowlessSessions - Asynchronous Sessions clean-up phase starting NOW
[INFO  - 2016-05-26T09:00:27.783Z] SessionManagerReqHand - _cleanupWindowlessSessions - Asynchronous Sessions clean-up phase starting NOW
[INFO  - 2016-05-26T09:05:27.783Z] SessionManagerReqHand - _cleanupWindowlessSessions - Asynchronous Sessions clean-up phase starting NOW
[INFO  - 2016-05-26T09:10:27.784Z] SessionManagerReqHand - _cleanupWindowlessSessions - Asynchronous Sessions clean-up phase starting NOW
[INFO  - 2016-05-26T09:15:27.820Z] SessionManagerReqHand - _cleanupWindowlessSessions - Asynchronous Sessions clean-up phase starting NOW
[INFO  - 2016-05-26T09:20:27.820Z] SessionManagerReqHand - _cleanupWindowlessSessions - Asynchronous Sessions clean-up phase starting NOW
[INFO  - 2016-05-26T09:25:27.820Z] SessionManagerReqHand - _cleanupWindowlessSessions - Asynchronous Sessions clean-up phase starting NOW
[INFO  - 2016-05-26T09:30:27.862Z] SessionManagerReqHand - _cleanupWindowlessSessions - Asynchronous Sessions clean-up phase starting NOW
